Using pre-set license
Built from '2020.2/china_unity/release' branch; Version is '2020.2.0f1c1 (f2fe8b73675a) revision 15924875'; Using compiler version '192528614'; Build Type 'Release'
OS: 'Windows 10  (10.0.0) 64bit' Language: 'zh' Physical Memory: 32528 MB
BatchMode: 1, IsHumanControllingUs: 0, StartBugReporterOnCrash: 0, Is64bit: 1, IsPro: 0

 COMMAND LINE ARGUMENTS:
C:\Program Files\Unity\Hub\Editor\2020.2.0f1c1\Editor\Unity.exe
-adb2
-batchMode
-noUpm
-name
AssetImportWorker0
-projectPath
D:/MyProjects/FunTest/FunnyFarmingRPGGame/Farming-RPG/FarmingRPG
-logFile
Logs/AssetImportWorker0.log
-srvPort
8763
Successfully changed project path to: D:/MyProjects/FunTest/FunnyFarmingRPGGame/Farming-RPG/FarmingRPG
D:/MyProjects/FunTest/FunnyFarmingRPGGame/Farming-RPG/FarmingRPG
Using Asset Import Pipeline V2.
Refreshing native plugins compatible for Editor in 47.65 ms, found 0 plugins.
Preloading 0 native plugins for Editor in 0.00 ms.
Initialize engine version: 2020.2.0f1c1 (f2fe8b73675a)
[Subsystems] Discovering subsystems at path C:/Program Files/Unity/Hub/Editor/2020.2.0f1c1/Editor/Data/Resources/UnitySubsystems
[Subsystems] Discovering subsystems at path D:/MyProjects/FunTest/FunnyFarmingRPGGame/Farming-RPG/FarmingRPG/Assets
GfxDevice: creating device client; threaded=0
Direct3D:
    Version:  Direct3D 11.0 [level 11.1]
    Renderer: NVIDIA GeForce RTX 2070 Super (ID=0x1e91)
    Vendor:   
    VRAM:     8011 MB
    Driver:   30.0.14.7135
Initialize mono
Mono path[0] = 'C:/Program Files/Unity/Hub/Editor/2020.2.0f1c1/Editor/Data/Managed'
Mono path[1] = 'C:/Program Files/Unity/Hub/Editor/2020.2.0f1c1/Editor/Data/MonoBleedingEdge/lib/mono/unityjit'
Mono config path = 'C:/Program Files/Unity/Hub/Editor/2020.2.0f1c1/Editor/Data/MonoBleedingEdge/etc'
Using monoOptions --debugger-agent=transport=dt_socket,embedding=1,server=y,suspend=n,address=127.0.0.1:56412
Begin MonoManager ReloadAssembly
Registering precompiled unity dll's ...
Register platform support module: C:/Program Files/Unity/Hub/Editor/2020.2.0f1c1/Editor/Data/PlaybackEngines/WindowsStandaloneSupport/UnityEditor.WindowsStandalone.Extensions.dll
Registered in 0.002165 seconds.
Native extension for WindowsStandalone target not found
Refreshing native plugins compatible for Editor in 35.68 ms, found 0 plugins.
Preloading 0 native plugins for Editor in 0.00 ms.
Invoked RoslynAnalysisRunner static constructor.
RoslynAnalysisRunner will not be running.
RoslynAnalysisRunner has terminated.
Mono: successfully reloaded assembly
- Completed reload, in  0.911 seconds
Platform modules already initialized, skipping
Registering precompiled user dll's ...
Registered in 0.000608 seconds.
Begin MonoManager ReloadAssembly
Native extension for WindowsStandalone target not found
Refreshing native plugins compatible for Editor in 0.32 ms, found 0 plugins.
Preloading 0 native plugins for Editor in 0.00 ms.
Invoked RoslynAnalysisRunner static constructor.
RoslynAnalysisRunner will not be running.
RoslynAnalysisRunner has terminated.
Mono: successfully reloaded assembly
- Completed reload, in  0.832 seconds
Platform modules already initialized, skipping
========================================================================
Worker process is ready to serve import requests
Launched and connected shader compiler UnityShaderCompiler.exe after 0.03 seconds
Refreshing native plugins compatible for Editor in 0.33 ms, found 0 plugins.
Preloading 0 native plugins for Editor in 0.00 ms.
Unloading 1372 Unused Serialized files (Serialized files now loaded: 0)
System memory in use before: 69.7 MB.
System memory in use after: 69.8 MB.

Unloading 14 unused Assets to reduce memory usage. Loaded Objects now: 1817.
Total: 1.792500 ms (FindLiveObjects: 0.168000 ms CreateObjectMapping: 0.056300 ms MarkObjects: 1.514500 ms  DeleteObjects: 0.052500 ms)

========================================================================
Received Import Request.
  path: Assets/Scripts/Misc/Vector3Serializable.cs
  artifactKey: Guid(aac79ab74a2b5454ab086706c48b9e25) Importer(815301076,1909f56bfc062723c751e8b465ee728b)
Start importing Assets/Scripts/Misc/Vector3Serializable.cs using Guid(aac79ab74a2b5454ab086706c48b9e25) Importer(815301076,1909f56bfc062723c751e8b465ee728b)  -> (artifact id: 'bacd7a768525b1f7c718e3bf6cc86597') in 0.049031 seconds
  Import took 0.051427 seconds .

========================================================================
Received Import Request.
  Time since last request: 154.600643 seconds.
  path: Assets/Scripts/Misc/Vector3Serializable.cs
  artifactKey: Guid(aac79ab74a2b5454ab086706c48b9e25) Importer(815301076,1909f56bfc062723c751e8b465ee728b)
Start importing Assets/Scripts/Misc/Vector3Serializable.cs using Guid(aac79ab74a2b5454ab086706c48b9e25) Importer(815301076,1909f56bfc062723c751e8b465ee728b)  -> (artifact id: '3ebb13d0befc5e230f0791c39cab7074') in 0.006332 seconds
  Import took 0.009032 seconds .

========================================================================
Received Prepare
Registering precompiled user dll's ...
Registered in 0.000619 seconds.
Begin MonoManager ReloadAssembly
Native extension for WindowsStandalone target not found
Refreshing native plugins compatible for Editor in 0.33 ms, found 0 plugins.
Preloading 0 native plugins for Editor in 0.00 ms.
Invoked RoslynAnalysisRunner static constructor.
RoslynAnalysisRunner will not be running.
RoslynAnalysisRunner has terminated.
Mono: successfully reloaded assembly
- Completed reload, in  0.741 seconds
Platform modules already initialized, skipping
Refreshing native plugins compatible for Editor in 0.33 ms, found 0 plugins.
Preloading 0 native plugins for Editor in 0.00 ms.
Unloading 1353 Unused Serialized files (Serialized files now loaded: 0)
System memory in use before: 68.8 MB.
System memory in use after: 68.9 MB.

Unloading 5 unused Assets to reduce memory usage. Loaded Objects now: 1820.
Total: 1.724700 ms (FindLiveObjects: 0.183200 ms CreateObjectMapping: 0.060700 ms MarkObjects: 1.455900 ms  DeleteObjects: 0.023400 ms)

========================================================================
Received Import Request.
  Time since last request: 321.776970 seconds.
  path: Assets/Scripts/Misc/Vector3Serializable.cs
  artifactKey: Guid(aac79ab74a2b5454ab086706c48b9e25) Importer(815301076,1909f56bfc062723c751e8b465ee728b)
Start importing Assets/Scripts/Misc/Vector3Serializable.cs using Guid(aac79ab74a2b5454ab086706c48b9e25) Importer(815301076,1909f56bfc062723c751e8b465ee728b)  -> (artifact id: '5a7d0fdeee16a534876806081ac4ce24') in 0.005165 seconds
  Import took 0.008679 seconds .

========================================================================
Received Prepare
Registering precompiled user dll's ...
Registered in 0.001403 seconds.
Begin MonoManager ReloadAssembly
Native extension for WindowsStandalone target not found
Refreshing native plugins compatible for Editor in 0.41 ms, found 0 plugins.
Preloading 0 native plugins for Editor in 0.00 ms.
Invoked RoslynAnalysisRunner static constructor.
RoslynAnalysisRunner will not be running.
RoslynAnalysisRunner has terminated.
Mono: successfully reloaded assembly
- Completed reload, in  0.761 seconds
Platform modules already initialized, skipping
Refreshing native plugins compatible for Editor in 0.31 ms, found 0 plugins.
Preloading 0 native plugins for Editor in 0.00 ms.
Unloading 1352 Unused Serialized files (Serialized files now loaded: 0)
System memory in use before: 69.0 MB.
System memory in use after: 69.1 MB.

Unloading 5 unused Assets to reduce memory usage. Loaded Objects now: 1822.
Total: 1.582700 ms (FindLiveObjects: 0.181700 ms CreateObjectMapping: 0.068900 ms MarkObjects: 1.315300 ms  DeleteObjects: 0.015900 ms)

========================================================================
Received Import Request.
  Time since last request: 620.757383 seconds.
  path: Assets/Scripts/SaveSystem/SceneItem.cs
  artifactKey: Guid(f9e1f613d42f1834ea8e840a5bf74b9a) Importer(815301076,1909f56bfc062723c751e8b465ee728b)
Start importing Assets/Scripts/SaveSystem/SceneItem.cs using Guid(f9e1f613d42f1834ea8e840a5bf74b9a) Importer(815301076,1909f56bfc062723c751e8b465ee728b)  -> (artifact id: 'c6b0c72c3770c90e1092017838d05720') in 0.011820 seconds
  Import took 0.014699 seconds .

========================================================================
Received Import Request.
  Time since last request: 0.001940 seconds.
  path: Assets/Scripts/SaveSystem/SceneItem.cs
  artifactKey: Guid(f9e1f613d42f1834ea8e840a5bf74b9a) Importer(815301076,1909f56bfc062723c751e8b465ee728b)
Start importing Assets/Scripts/SaveSystem/SceneItem.cs using Guid(f9e1f613d42f1834ea8e840a5bf74b9a) Importer(815301076,1909f56bfc062723c751e8b465ee728b)  -> (artifact id: 'c6b0c72c3770c90e1092017838d05720') in 0.001675 seconds
  Import took 0.003837 seconds .

========================================================================
Received Prepare
Registering precompiled user dll's ...
Registered in 0.000752 seconds.
Begin MonoManager ReloadAssembly
Native extension for WindowsStandalone target not found
Refreshing native plugins compatible for Editor in 0.31 ms, found 0 plugins.
Preloading 0 native plugins for Editor in 0.00 ms.
Invoked RoslynAnalysisRunner static constructor.
RoslynAnalysisRunner will not be running.
RoslynAnalysisRunner has terminated.
Mono: successfully reloaded assembly
- Completed reload, in  0.751 seconds
Platform modules already initialized, skipping
Refreshing native plugins compatible for Editor in 0.36 ms, found 0 plugins.
Preloading 0 native plugins for Editor in 0.00 ms.
Unloading 1352 Unused Serialized files (Serialized files now loaded: 0)
System memory in use before: 69.2 MB.
System memory in use after: 69.3 MB.

Unloading 5 unused Assets to reduce memory usage. Loaded Objects now: 1824.
Total: 2.208800 ms (FindLiveObjects: 0.203900 ms CreateObjectMapping: 0.061500 ms MarkObjects: 1.923200 ms  DeleteObjects: 0.018600 ms)

========================================================================
Received Import Request.
  Time since last request: 5294.626797 seconds.
  path: Assets/Scripts/SaveSystem/SceneItem.cs
  artifactKey: Guid(f9e1f613d42f1834ea8e840a5bf74b9a) Importer(815301076,1909f56bfc062723c751e8b465ee728b)
Start importing Assets/Scripts/SaveSystem/SceneItem.cs using Guid(f9e1f613d42f1834ea8e840a5bf74b9a) Importer(815301076,1909f56bfc062723c751e8b465ee728b)  -> (artifact id: '8d516371818e716e7d5280345dabe83a') in 0.003439 seconds
  Import took 0.005580 seconds .

========================================================================
Received Import Request.
  Time since last request: 10.927288 seconds.
  path: Assets/Scripts/SaveSystem/GameObjectSave.cs
  artifactKey: Guid(15d9856f30463da4aa48f46c19fea9fb) Importer(815301076,1909f56bfc062723c751e8b465ee728b)
Start importing Assets/Scripts/SaveSystem/GameObjectSave.cs using Guid(15d9856f30463da4aa48f46c19fea9fb) Importer(815301076,1909f56bfc062723c751e8b465ee728b)  -> (artifact id: '2297385085137c1d4202f0035ab19ba6') in 0.007389 seconds
  Import took 0.009919 seconds .

========================================================================
Received Prepare
Registering precompiled user dll's ...
Registered in 0.000501 seconds.
Begin MonoManager ReloadAssembly
Native extension for WindowsStandalone target not found
Refreshing native plugins compatible for Editor in 0.30 ms, found 0 plugins.
Preloading 0 native plugins for Editor in 0.00 ms.
Invoked RoslynAnalysisRunner static constructor.
RoslynAnalysisRunner will not be running.
RoslynAnalysisRunner has terminated.
Mono: successfully reloaded assembly
- Completed reload, in  0.670 seconds
Platform modules already initialized, skipping
Refreshing native plugins compatible for Editor in 0.31 ms, found 0 plugins.
Preloading 0 native plugins for Editor in 0.00 ms.
Unloading 1353 Unused Serialized files (Serialized files now loaded: 0)
System memory in use before: 69.4 MB.
System memory in use after: 69.5 MB.

Unloading 5 unused Assets to reduce memory usage. Loaded Objects now: 1827.
Total: 1.550900 ms (FindLiveObjects: 0.170000 ms CreateObjectMapping: 0.051800 ms MarkObjects: 1.292400 ms  DeleteObjects: 0.035700 ms)

========================================================================
Received Import Request.
  Time since last request: 22.199752 seconds.
  path: Assets/Scripts/SaveSystem/GameObjectSave.cs
  artifactKey: Guid(15d9856f30463da4aa48f46c19fea9fb) Importer(815301076,1909f56bfc062723c751e8b465ee728b)
Start importing Assets/Scripts/SaveSystem/GameObjectSave.cs using Guid(15d9856f30463da4aa48f46c19fea9fb) Importer(815301076,1909f56bfc062723c751e8b465ee728b)  -> (artifact id: 'a6f5389661659d0388e61d9fe78c5181') in 0.003716 seconds
  Import took 0.005944 seconds .

========================================================================
Received Prepare
Registering precompiled user dll's ...
Registered in 0.000595 seconds.
Begin MonoManager ReloadAssembly
Native extension for WindowsStandalone target not found
Refreshing native plugins compatible for Editor in 0.37 ms, found 0 plugins.
Preloading 0 native plugins for Editor in 0.00 ms.
Invoked RoslynAnalysisRunner static constructor.
RoslynAnalysisRunner will not be running.
RoslynAnalysisRunner has terminated.
Mono: successfully reloaded assembly
- Completed reload, in  0.728 seconds
Platform modules already initialized, skipping
Refreshing native plugins compatible for Editor in 0.35 ms, found 0 plugins.
Preloading 0 native plugins for Editor in 0.00 ms.
Unloading 1353 Unused Serialized files (Serialized files now loaded: 0)
System memory in use before: 69.5 MB.
System memory in use after: 69.6 MB.

Unloading 5 unused Assets to reduce memory usage. Loaded Objects now: 1829.
Total: 2.156900 ms (FindLiveObjects: 0.300100 ms CreateObjectMapping: 0.131400 ms MarkObjects: 1.708200 ms  DeleteObjects: 0.015800 ms)

========================================================================
Received Import Request.
  Time since last request: 625.719359 seconds.
  path: Assets/Scripts/SaveSystem/GameObjectSave.cs
  artifactKey: Guid(15d9856f30463da4aa48f46c19fea9fb) Importer(815301076,1909f56bfc062723c751e8b465ee728b)
Start importing Assets/Scripts/SaveSystem/GameObjectSave.cs using Guid(15d9856f30463da4aa48f46c19fea9fb) Importer(815301076,1909f56bfc062723c751e8b465ee728b)  -> (artifact id: '3fcba34d6dde2a39fa729853f85b2776') in 0.003501 seconds
  Import took 0.006126 seconds .

========================================================================
Received Import Request.
  Time since last request: 48.607625 seconds.
  path: Assets/Scripts/SaveSystem/Isaveable.cs
  artifactKey: Guid(03d630f97b25cb549bcda5387f0b2fd5) Importer(815301076,1909f56bfc062723c751e8b465ee728b)
Start importing Assets/Scripts/SaveSystem/Isaveable.cs using Guid(03d630f97b25cb549bcda5387f0b2fd5) Importer(815301076,1909f56bfc062723c751e8b465ee728b)  -> (artifact id: '3b2ed08980c71e3738ff2531f0f1ab92') in 0.007192 seconds
  Import took 0.009524 seconds .

========================================================================
Received Prepare
Registering precompiled user dll's ...
Registered in 0.000488 seconds.
Begin MonoManager ReloadAssembly
Native extension for WindowsStandalone target not found
Refreshing native plugins compatible for Editor in 0.37 ms, found 0 plugins.
Preloading 0 native plugins for Editor in 0.00 ms.
Invoked RoslynAnalysisRunner static constructor.
RoslynAnalysisRunner will not be running.
RoslynAnalysisRunner has terminated.
Mono: successfully reloaded assembly
- Completed reload, in  0.684 seconds
Platform modules already initialized, skipping
Refreshing native plugins compatible for Editor in 0.33 ms, found 0 plugins.
Preloading 0 native plugins for Editor in 0.00 ms.
Unloading 1354 Unused Serialized files (Serialized files now loaded: 0)
System memory in use before: 69.8 MB.
System memory in use after: 69.9 MB.

Unloading 5 unused Assets to reduce memory usage. Loaded Objects now: 1832.
Total: 2.075600 ms (FindLiveObjects: 0.207000 ms CreateObjectMapping: 0.096100 ms MarkObjects: 1.746600 ms  DeleteObjects: 0.022400 ms)

========================================================================
Received Import Request.
  Time since last request: 63.592048 seconds.
  path: Assets/Scripts/SaveSystem/Isaveable.cs
  artifactKey: Guid(03d630f97b25cb549bcda5387f0b2fd5) Importer(815301076,1909f56bfc062723c751e8b465ee728b)
Start importing Assets/Scripts/SaveSystem/Isaveable.cs using Guid(03d630f97b25cb549bcda5387f0b2fd5) Importer(815301076,1909f56bfc062723c751e8b465ee728b)  -> (artifact id: 'b664c4e742c21be2228f2261ac0894a8') in 0.003781 seconds
  Import took 0.006002 seconds .

========================================================================
Received Prepare
Registering precompiled user dll's ...
Registered in 0.000963 seconds.
Begin MonoManager ReloadAssembly
Native extension for WindowsStandalone target not found
Refreshing native plugins compatible for Editor in 0.34 ms, found 0 plugins.
Preloading 0 native plugins for Editor in 0.00 ms.
Invoked RoslynAnalysisRunner static constructor.
RoslynAnalysisRunner will not be running.
RoslynAnalysisRunner has terminated.
Mono: successfully reloaded assembly
- Completed reload, in  0.737 seconds
Platform modules already initialized, skipping
Refreshing native plugins compatible for Editor in 0.39 ms, found 0 plugins.
Preloading 0 native plugins for Editor in 0.00 ms.
Unloading 1354 Unused Serialized files (Serialized files now loaded: 0)
System memory in use before: 70.0 MB.
System memory in use after: 70.1 MB.

Unloading 5 unused Assets to reduce memory usage. Loaded Objects now: 1834.
Total: 1.688200 ms (FindLiveObjects: 0.170000 ms CreateObjectMapping: 0.055000 ms MarkObjects: 1.444500 ms  DeleteObjects: 0.017500 ms)

========================================================================
Received Import Request.
  Time since last request: 460.117350 seconds.
  path: Assets/Scripts/SaveSystem/Isaveable.cs
  artifactKey: Guid(03d630f97b25cb549bcda5387f0b2fd5) Importer(815301076,1909f56bfc062723c751e8b465ee728b)
Start importing Assets/Scripts/SaveSystem/Isaveable.cs using Guid(03d630f97b25cb549bcda5387f0b2fd5) Importer(815301076,1909f56bfc062723c751e8b465ee728b)  -> (artifact id: '5ea029f47493557c1a7822744ad32cce') in 0.005099 seconds
  Import took 0.008285 seconds .

========================================================================
Received Prepare
Registering precompiled user dll's ...
Registered in 0.000763 seconds.
Begin MonoManager ReloadAssembly
Native extension for WindowsStandalone target not found
Refreshing native plugins compatible for Editor in 0.34 ms, found 0 plugins.
Preloading 0 native plugins for Editor in 0.00 ms.
Invoked RoslynAnalysisRunner static constructor.
RoslynAnalysisRunner will not be running.
RoslynAnalysisRunner has terminated.
Mono: successfully reloaded assembly
- Completed reload, in  0.726 seconds
Platform modules already initialized, skipping
Refreshing native plugins compatible for Editor in 0.34 ms, found 0 plugins.
Preloading 0 native plugins for Editor in 0.00 ms.
Unloading 1354 Unused Serialized files (Serialized files now loaded: 0)
System memory in use before: 70.2 MB.
System memory in use after: 70.3 MB.

Unloading 5 unused Assets to reduce memory usage. Loaded Objects now: 1836.
Total: 2.035900 ms (FindLiveObjects: 0.258000 ms CreateObjectMapping: 0.112100 ms MarkObjects: 1.650100 ms  DeleteObjects: 0.014700 ms)

========================================================================
Received Import Request.
  Time since last request: 5901.125927 seconds.
  path: Assets/Scripts/SaveSystem/Isaveable.cs
  artifactKey: Guid(03d630f97b25cb549bcda5387f0b2fd5) Importer(815301076,1909f56bfc062723c751e8b465ee728b)
Start importing Assets/Scripts/SaveSystem/Isaveable.cs using Guid(03d630f97b25cb549bcda5387f0b2fd5) Importer(815301076,1909f56bfc062723c751e8b465ee728b)  -> (artifact id: 'cc98e8e7ef7b68b11725ce1af628c8e2') in 0.004741 seconds
  Import took 0.007513 seconds .

========================================================================
Received Prepare
Registering precompiled user dll's ...
Registered in 0.000695 seconds.
Begin MonoManager ReloadAssembly
Native extension for WindowsStandalone target not found
Refreshing native plugins compatible for Editor in 0.36 ms, found 0 plugins.
Preloading 0 native plugins for Editor in 0.00 ms.
Invoked RoslynAnalysisRunner static constructor.
RoslynAnalysisRunner will not be running.
RoslynAnalysisRunner has terminated.
Mono: successfully reloaded assembly
- Completed reload, in  0.783 seconds
Platform modules already initialized, skipping
Refreshing native plugins compatible for Editor in 0.42 ms, found 0 plugins.
Preloading 0 native plugins for Editor in 0.00 ms.
Unloading 1354 Unused Serialized files (Serialized files now loaded: 0)
System memory in use before: 70.4 MB.
System memory in use after: 70.5 MB.

Unloading 5 unused Assets to reduce memory usage. Loaded Objects now: 1838.
Total: 1.933900 ms (FindLiveObjects: 0.213900 ms CreateObjectMapping: 0.073600 ms MarkObjects: 1.625800 ms  DeleteObjects: 0.018800 ms)

AssetImportWorkerClient::OnTransportError - code=2 error=End of file
